c:\users\newva\desktop\school\data structures\project_1(bad_bank)\bad bank\bad bank\debug\vc142.pdb
c:\users\newva\desktop\school\data structures\project_1(bad_bank)\bad bank\bad bank\debug\vc142.idb
c:\users\newva\desktop\school\data structures\project_1(bad_bank)\bad bank\bad bank\debug\transaction.obj
c:\users\newva\desktop\school\data structures\project_1(bad_bank)\bad bank\bad bank\debug\teller_line.obj
c:\users\newva\desktop\school\data structures\project_1(bad_bank)\bad bank\bad bank\debug\main.obj
c:\users\newva\desktop\school\data structures\project_1(bad_bank)\bad bank\bad bank\debug\customer_node.obj
c:\users\newva\desktop\school\data structures\project_1(bad_bank)\bad bank\debug\bad bank.pdb
c:\users\newva\desktop\school\data structures\project_1(bad_bank)\bad bank\bad bank\debug\bad bank.tlog\cl.command.1.tlog
c:\users\newva\desktop\school\data structures\project_1(bad_bank)\bad bank\bad bank\debug\bad bank.tlog\cl.read.1.tlog
c:\users\newva\desktop\school\data structures\project_1(bad_bank)\bad bank\bad bank\debug\bad bank.tlog\cl.write.1.tlog
c:\users\newva\desktop\school\data structures\project_1(bad_bank)\bad bank\bad bank\debug\bad bank.tlog\link-cvtres.read.1.tlog
c:\users\newva\desktop\school\data structures\project_1(bad_bank)\bad bank\bad bank\debug\bad bank.tlog\link-cvtres.write.1.tlog
c:\users\newva\desktop\school\data structures\project_1(bad_bank)\bad bank\bad bank\debug\bad bank.tlog\link-rc.read.1.tlog
c:\users\newva\desktop\school\data structures\project_1(bad_bank)\bad bank\bad bank\debug\bad bank.tlog\link-rc.write.1.tlog
c:\users\newva\desktop\school\data structures\project_1(bad_bank)\bad bank\bad bank\debug\bad bank.tlog\link.9112-cvtres.read.1.tlog
c:\users\newva\desktop\school\data structures\project_1(bad_bank)\bad bank\bad bank\debug\bad bank.tlog\link.9112-cvtres.write.1.tlog
c:\users\newva\desktop\school\data structures\project_1(bad_bank)\bad bank\bad bank\debug\bad bank.tlog\link.9112-rc.read.1.tlog
c:\users\newva\desktop\school\data structures\project_1(bad_bank)\bad bank\bad bank\debug\bad bank.tlog\link.9112-rc.write.1.tlog
c:\users\newva\desktop\school\data structures\project_1(bad_bank)\bad bank\bad bank\debug\bad bank.tlog\link.9112.read.1.tlog
c:\users\newva\desktop\school\data structures\project_1(bad_bank)\bad bank\bad bank\debug\bad bank.tlog\link.9112.write.1.tlog
c:\users\newva\desktop\school\data structures\project_1(bad_bank)\bad bank\bad bank\debug\bad bank.tlog\link.command.1.tlog
c:\users\newva\desktop\school\data structures\project_1(bad_bank)\bad bank\bad bank\debug\bad bank.tlog\link.read.1.tlog
c:\users\newva\desktop\school\data structures\project_1(bad_bank)\bad bank\bad bank\debug\bad bank.tlog\link.write.1.tlog
